<?xml version="1.0" encoding="UTF-8"?>
<!-- Generated by org.testng.reporters.JUnitReportReporter -->
<testsuite hostname="justdamnLIT" failures="0" tests="2" name="TestRegisterMuabantinhbien" time="18.361" errors="0" timestamp="2024-04-08T23:51:04 ICT" skipped="0">
  <testcase classname="TestRegisterMuabantinhbien" name="testLoginMuaBanTinhBien" time="9.371"/>
  <testcase classname="TestRegisterMuabantinhbien" name="testLoginMuaBanTinhBien" time="8.990"/>
</testsuite> <!-- TestRegisterMuabantinhbien -->
