<?xml version="1.0" encoding="UTF-8"?>
<!-- Generated by org.testng.reporters.JUnitReportReporter -->
<testsuite hostname="justdamnLIT" failures="0" tests="4" name="loginFunction.TestLoginAP" time="98.401" errors="0" timestamp="2024-04-04T08:44:18 ICT" skipped="0">
  <testcase classname="loginFunction.TestLoginAP" name="testMuaBanTinhBien" time="25.204"/>
  <testcase classname="loginFunction.TestLoginAP" name="testMuaBanTinhBien" time="25.993"/>
  <testcase classname="loginFunction.TestLoginAP" name="testMuaBanTinhBien" time="22.934"/>
  <testcase classname="loginFunction.TestLoginAP" name="testMuaBanTinhBien" time="24.270"/>
</testsuite> <!-- loginFunction.TestLoginAP -->
