<?xml version="1.0" encoding="UTF-8"?>
<!-- Generated by org.testng.reporters.JUnitReportReporter -->
<testsuite hostname="justdamnLIT" failures="0" tests="3" name="TestRegisterMuabantinhbien" time="27.702" errors="0" timestamp="2024-04-09T00:32:25 ICT" skipped="0">
  <testcase classname="TestRegisterMuabantinhbien" name="testLoginMuaBanTinhBien" time="9.934"/>
  <testcase classname="TestRegisterMuabantinhbien" name="testLoginMuaBanTinhBien" time="9.174"/>
  <testcase classname="TestRegisterMuabantinhbien" name="testLoginMuaBanTinhBien" time="8.594"/>
</testsuite> <!-- TestRegisterMuabantinhbien -->
